<?xml version="1.0" encoding="UTF-8"?>
<!-- Generated by org.testng.reporters.JUnitXMLReporter -->
<testsuite hostname="Shaikhrehanpc" ignored="0" name="Test" tests="33" failures="32" timestamp="15 Jan 2020 09:54:18 GMT" time="10.396" errors="0">
  <testcase name="click_on_Add_New_button" time="0.016" classname="stepDefinations.Steps">
    <failure type="java.lang.NullPointerException">
      <![CDATA[java.lang.NullPointerException
at stepDefinations.Steps.click_on_Add_New_button(Steps.java:190)
... Removed 25 stack frames]]>
    </failure>
  </testcase> <!-- click_on_Add_New_button -->
  <testcase name="click_on_Admin_Module_for_CS_upload" time="0.009" classname="stepDefinations.Steps">
    <failure type="java.lang.NullPointerException">
      <![CDATA[java.lang.NullPointerException
at stepDefinations.Steps.click_on_Admin_Module_for_CS_upload(Steps.java:1052)
... Removed 25 stack frames]]>
    </failure>
  </testcase> <!-- click_on_Admin_Module_for_CS_upload -->
  <testcase name="click_on_BaseData_for_CS_upload_verification" time="0.002" classname="stepDefinations.Steps">
    <failure type="java.lang.NullPointerException">
      <![CDATA[java.lang.NullPointerException
at stepDefinations.Steps.click_on_BaseData_for_CS_upload_verification(Steps.java:1168)
... Removed 25 stack frames]]>
    </failure>
  </testcase> <!-- click_on_BaseData_for_CS_upload_verification -->
  <testcase name="click_on_CS_View_for_CS_upload_verification" time="0.0" classname="stepDefinations.Steps">
    <failure type="java.lang.NullPointerException">
      <![CDATA[java.lang.NullPointerException
at stepDefinations.Steps.click_on_CS_View_for_CS_upload_verification(Steps.java:1173)
... Removed 25 stack frames]]>
    </failure>
  </testcase> <!-- click_on_CS_View_for_CS_upload_verification -->
  <testcase name="click_on_Customer_submenu_of_Customer_menubar" time="0.019" classname="stepDefinations.Steps">
    <failure type="java.lang.NullPointerException">
      <![CDATA[java.lang.NullPointerException
at stepDefinations.Steps.click_on_Customer_submenu_of_Customer_menubar(Steps.java:183)
... Removed 25 stack frames]]>
    </failure>
  </testcase> <!-- click_on_Customer_submenu_of_Customer_menubar -->
  <testcase name="click_on_Login" time="0.01" classname="stepDefinations.Steps">
    <failure type="java.lang.NullPointerException">
      <![CDATA[java.lang.NullPointerException
at stepDefinations.Steps.click_on_Login(Steps.java:112)
... Removed 25 stack frames]]>
    </failure>
  </testcase> <!-- click_on_Login -->
  <testcase name="click_on_New_File_Upload_for_CS_upload" time="0.002" classname="stepDefinations.Steps">
    <failure type="java.lang.NullPointerException">
      <![CDATA[java.lang.NullPointerException
at stepDefinations.Steps.click_on_New_File_Upload_for_CS_upload(Steps.java:1058)
... Removed 25 stack frames]]>
    </failure>
  </testcase> <!-- click_on_New_File_Upload_for_CS_upload -->
  <testcase name="click_on_Search_button" time="2.005" classname="stepDefinations.Steps">
    <failure type="java.lang.NullPointerException">
      <![CDATA[java.lang.NullPointerException
at stepDefinations.Steps.click_on_Search_button(Steps.java:235)
... Removed 25 stack frames]]>
    </failure>
  </testcase> <!-- click_on_Search_button -->
  <testcase name="click_on_Search_for_CS_upload_verification" time="0.003" classname="stepDefinations.Steps">
    <failure type="java.lang.NullPointerException">
      <![CDATA[java.lang.NullPointerException
at stepDefinations.Steps.click_on_Search_for_CS_upload_verification(Steps.java:1134)
... Removed 25 stack frames]]>
    </failure>
  </testcase> <!-- click_on_Search_for_CS_upload_verification -->
  <testcase name="click_on_Upload_File_List_available_on_the_side_bar_for_CS_upload_verification" time="0.005" classname="stepDefinations.Steps">
    <failure type="java.lang.NullPointerException">
      <![CDATA[java.lang.NullPointerException
at stepDefinations.Steps.click_on_Upload_File_List_available_on_the_side_bar_for_CS_upload_verification(Steps.java:1108)
... Removed 25 stack frames]]>
    </failure>
  </testcase> <!-- click_on_Upload_File_List_available_on_the_side_bar_for_CS_upload_verification -->
  <testcase name="click_on_logout" time="0.003" classname="stepDefinations.Steps">
    <failure type="java.lang.NullPointerException">
      <![CDATA[java.lang.NullPointerException
at stepDefinations.Steps.click_on_logout(Steps.java:219)
... Removed 25 stack frames]]>
    </failure>
  </testcase> <!-- click_on_logout -->
  <testcase name="closeBrowser" time="0.0" classname="stepDefinations.Steps">
    <failure type="org.testng.TestNGException" message="
Cannot inject @Test annotated Method [closeBrowser] with [interface cucumber.api.Scenario].
For more information on native dependency injection please refer to http://testng.org/doc/documentation-main.html#native-dependency-injection">
      <![CDATA[org.testng.TestNGException: 
Cannot inject @Test annotated Method [closeBrowser] with [interface cucumber.api.Scenario].
For more information on native dependency injection please refer to http://testng.org/doc/documentation-main.html#native-dependency-injection
... Removed 24 stack frames]]>
    </failure>
  </testcase> <!-- closeBrowser -->
  <testcase name="enter_Customer_EmailID" time="0.002" classname="stepDefinations.Steps">
    <failure type="java.lang.NullPointerException">
      <![CDATA[java.lang.NullPointerException
at stepDefinations.Steps.enter_Customer_EmailID(Steps.java:228)
... Removed 25 stack frames]]>
    </failure>
  </testcase> <!-- enter_Customer_EmailID -->
  <testcase name="enter_Customer_FirstName_during_search" time="0.002" classname="stepDefinations.Steps">
    <failure type="java.lang.NullPointerException">
      <![CDATA[java.lang.NullPointerException
at stepDefinations.Steps.enter_Customer_FirstName_during_search(Steps.java:250)
... Removed 25 stack frames]]>
    </failure>
  </testcase> <!-- enter_Customer_FirstName_during_search -->
  <testcase name="enter_Customer_LastName_during_search" time="0.002" classname="stepDefinations.Steps">
    <failure type="java.lang.NullPointerException">
      <![CDATA[java.lang.NullPointerException
at stepDefinations.Steps.enter_Customer_LastName_during_search(Steps.java:255)
... Removed 25 stack frames]]>
    </failure>
  </testcase> <!-- enter_Customer_LastName_during_search -->
  <testcase name="enter_File_Name_for_CS_upload_verification" time="0.0" classname="stepDefinations.Steps">
    <failure type="org.testng.TestNGException" message="
Cannot inject @Test annotated Method [enter_File_Name_for_CS_upload_verification] with [class java.lang.String].
For more information on native dependency injection please refer to http://testng.org/doc/documentation-main.html#native-dependency-injection">
      <![CDATA[org.testng.TestNGException: 
Cannot inject @Test annotated Method [enter_File_Name_for_CS_upload_verification] with [class java.lang.String].
For more information on native dependency injection please refer to http://testng.org/doc/documentation-main.html#native-dependency-injection
... Removed 24 stack frames]]>
    </failure>
  </testcase> <!-- enter_File_Name_for_CS_upload_verification -->
  <testcase name="page_title_should_be" time="0.0" classname="stepDefinations.Steps">
    <failure type="org.testng.TestNGException" message="
Cannot inject @Test annotated Method [page_title_should_be] with [class java.lang.String].
For more information on native dependency injection please refer to http://testng.org/doc/documentation-main.html#native-dependency-injection">
      <![CDATA[org.testng.TestNGException: 
Cannot inject @Test annotated Method [page_title_should_be] with [class java.lang.String].
For more information on native dependency injection please refer to http://testng.org/doc/documentation-main.html#native-dependency-injection
... Removed 24 stack frames]]>
    </failure>
  </testcase> <!-- page_title_should_be -->
  <testcase name="search_the_SO_for_CS_upload_verification" time="0.0" classname="stepDefinations.Steps">
    <failure type="org.testng.TestNGException" message="
Cannot inject @Test annotated Method [search_the_SO_for_CS_upload_verification] with [class java.lang.String].
For more information on native dependency injection please refer to http://testng.org/doc/documentation-main.html#native-dependency-injection">
      <![CDATA[org.testng.TestNGException: 
Cannot inject @Test annotated Method [search_the_SO_for_CS_upload_verification] with [class java.lang.String].
For more information on native dependency injection please refer to http://testng.org/doc/documentation-main.html#native-dependency-injection
... Removed 24 stack frames]]>
    </failure>
  </testcase> <!-- search_the_SO_for_CS_upload_verification -->
  <testcase name="select_CSRequest_from_File_Type_drop_down_for_CS_upload_verification" time="0.002" classname="stepDefinations.Steps">
    <failure type="java.lang.NullPointerException">
      <![CDATA[java.lang.NullPointerException
at stepDefinations.Steps.select_CSRequest_from_File_Type_drop_down_for_CS_upload_verification(Steps.java:1117)
... Removed 25 stack frames]]>
    </failure>
  </testcase> <!-- select_CSRequest_from_File_Type_drop_down_for_CS_upload_verification -->
  <testcase name="select_ClientName_from_Client_drop" time="1.729" classname="stepDefinations.Steps">
    <failure type="java.lang.NullPointerException">
      <![CDATA[java.lang.NullPointerException
at utiilities.CommonUtilities.updateStep(CommonUtilities.java:338)
at utiilities.CommonUtilities.selectDropdownByIndex(CommonUtilities.java:947)
at stepDefinations.Steps.select_ClientName_from_Client_drop(Steps.java:1031)
... Removed 25 stack frames]]>
    </failure>
  </testcase> <!-- select_ClientName_from_Client_drop -->
  <testcase name="select_the_CS_File_File_Type_for_CS_upload" time="0.003" classname="stepDefinations.Steps">
    <failure type="java.lang.NullPointerException">
      <![CDATA[java.lang.NullPointerException
at stepDefinations.Steps.select_the_CS_File_File_Type_for_CS_upload(Steps.java:1067)
... Removed 25 stack frames]]>
    </failure>
  </testcase> <!-- select_the_CS_File_File_Type_for_CS_upload -->
  <testcase name="setUp" time="4.273" classname="stepDefinations.Steps"/>
  <testcase name="upload_the_CS_file_for_CS_upload" time="0.053" classname="stepDefinations.Steps">
    <failure type="org.openqa.selenium.NoSuchWindowException" message="Currently focused window has been closed.
Build info: version: &amp;apos;3.14.0&amp;apos;, revision: &amp;apos;aacccce0&amp;apos;, time: &amp;apos;2018-08-02T20:19:58.91Z&amp;apos;
System info: host: &amp;apos;SHAIKHREHANPC&amp;apos;, ip: &amp;apos;192.168.3.221&amp;apos;, os.name: &amp;apos;Windows 10&amp;apos;, os.arch: &amp;apos;amd64&amp;apos;, os.version: &amp;apos;10.0&amp;apos;, java.version: &amp;apos;1.8.0_221&amp;apos;
Driver info: org.openqa.selenium.ie.InternetExplorerDriver
Capabilities {acceptInsecureCerts: false, browserName: internet explorer, browserVersion: 11, javascriptEnabled: true, pageLoadStrategy: normal, platform: WINDOWS, platformName: WINDOWS, proxy: Proxy(), se:ieOptions: {browserAttachTimeout: 0, elementScrollBehavior: 0, enablePersistentHover: true, ie.browserCommandLineSwitches: , ie.ensureCleanSession: false, ie.fileUploadDialogTimeout: 3000, ie.forceCreateProcessApi: false, ignoreProtectedModeSettings: false, ignoreZoomSetting: false, initialBrowserUrl: http://localhost:47085/, nativeEvents: true, requireWindowFocus: false}, setWindowRect: true, timeouts: {implicit: 0, pageLoad: 300000, script: 30000}}
Session ID: 7990b9a1-8cc3-411c-8f7f-bcc92444753d
*** Element info: {Using=css selector, value=frame[name=&amp;apos;rightFrame&amp;apos;],iframe[name=&amp;apos;rightFrame&amp;apos;]}">
      <![CDATA[org.openqa.selenium.NoSuchWindowException: Currently focused window has been closed.
Build info: version: '3.14.0', revision: 'aacccce0', time: '2018-08-02T20:19:58.91Z'
System info: host: 'SHAIKHREHANPC', ip: '192.168.3.221', os.name: 'Windows 10', os.arch: 'amd64', os.version: '10.0', java.version: '1.8.0_221'
Driver info: org.openqa.selenium.ie.InternetExplorerDriver
Capabilities {acceptInsecureCerts: false, browserName: internet explorer, browserVersion: 11, javascriptEnabled: true, pageLoadStrategy: normal, platform: WINDOWS, platformName: WINDOWS, proxy: Proxy(), se:ieOptions: {browserAttachTimeout: 0, elementScrollBehavior: 0, enablePersistentHover: true, ie.browserCommandLineSwitches: , ie.ensureCleanSession: false, ie.fileUploadDialogTimeout: 3000, ie.forceCreateProcessApi: false, ignoreProtectedModeSettings: false, ignoreZoomSetting: false, initialBrowserUrl: http://localhost:47085/, nativeEvents: true, requireWindowFocus: false}, setWindowRect: true, timeouts: {implicit: 0, pageLoad: 300000, script: 30000}}
Session ID: 7990b9a1-8cc3-411c-8f7f-bcc92444753d
*** Element info: {Using=css selector, value=frame[name='rightFrame'],iframe[name='rightFrame']}
at org.openqa.selenium.remote.http.W3CHttpResponseCodec.createException(W3CHttpResponseCodec.java:187)
at org.openqa.selenium.remote.http.W3CHttpResponseCodec.decode(W3CHttpResponseCodec.java:122)
at org.openqa.selenium.remote.http.W3CHttpResponseCodec.decode(W3CHttpResponseCodec.java:49)
at org.openqa.selenium.remote.HttpCommandExecutor.execute(HttpCommandExecutor.java:158)
at org.openqa.selenium.remote.service.DriverCommandExecutor.execute(DriverCommandExecutor.java:83)
at org.openqa.selenium.remote.RemoteWebDriver.execute(RemoteWebDriver.java:548)
at org.openqa.selenium.remote.RemoteWebDriver.findElements(RemoteWebDriver.java:349)
at org.openqa.selenium.remote.RemoteWebDriver.findElementsByCssSelector(RemoteWebDriver.java:420)
at org.openqa.selenium.By$ByCssSelector.findElements(By.java:441)
at org.openqa.selenium.remote.RemoteWebDriver.findElements(RemoteWebDriver.java:310)
at org.openqa.selenium.remote.RemoteWebDriver$RemoteTargetLocator.frame(RemoteWebDriver.java:874)
at stepDefinations.Steps.upload_the_CS_file_for_CS_upload(Steps.java:1076)
... Removed 29 stack frames]]>
    </failure>
  </testcase> <!-- upload_the_CS_file_for_CS_upload -->
  <testcase name="user_Enter_email_as_and_password_as" time="0.0" classname="stepDefinations.Steps">
    <failure type="org.testng.TestNGException" message="
Cannot inject @Test annotated Method [user_Enter_email_as_and_password_as] with [class java.lang.String, class java.lang.String].
For more information on native dependency injection please refer to http://testng.org/doc/documentation-main.html#native-dependency-injection">
      <![CDATA[org.testng.TestNGException: 
Cannot inject @Test annotated Method [user_Enter_email_as_and_password_as] with [class java.lang.String, class java.lang.String].
For more information on native dependency injection please refer to http://testng.org/doc/documentation-main.html#native-dependency-injection
... Removed 24 stack frames]]>
    </failure>
  </testcase> <!-- user_Enter_email_as_and_password_as -->
  <testcase name="user_can_see_the_confirmation_message_as" time="0.0" classname="stepDefinations.Steps">
    <failure type="org.testng.TestNGException" message="
Cannot inject @Test annotated Method [user_can_see_the_confirmation_message_as] with [class java.lang.String].
For more information on native dependency injection please refer to http://testng.org/doc/documentation-main.html#native-dependency-injection">
      <![CDATA[org.testng.TestNGException: 
Cannot inject @Test annotated Method [user_can_see_the_confirmation_message_as] with [class java.lang.String].
For more information on native dependency injection please refer to http://testng.org/doc/documentation-main.html#native-dependency-injection
... Removed 24 stack frames]]>
    </failure>
  </testcase> <!-- user_can_see_the_confirmation_message_as -->
  <testcase name="user_should_click_on_customer_which_is_on_the_left_sidebar" time="2.007" classname="stepDefinations.Steps">
    <failure type="java.lang.NullPointerException">
      <![CDATA[java.lang.NullPointerException
at pageObjects.CustomerOperation.clickOnCustomersMenu(CustomerOperation.java:54)
at stepDefinations.Steps.user_should_click_on_customer_which_is_on_the_left_sidebar(Steps.java:177)
... Removed 25 stack frames]]>
    </failure>
  </testcase> <!-- user_should_click_on_customer_which_is_on_the_left_sidebar -->
  <testcase name="user_should_fill_all_the_details_and_save_it" time="0.019" classname="stepDefinations.Steps">
    <failure type="java.lang.NullPointerException">
      <![CDATA[java.lang.NullPointerException
at pageObjects.CustomerOperation.setEmail(CustomerOperation.java:78)
at stepDefinations.Steps.user_should_fill_all_the_details_and_save_it(Steps.java:198)
... Removed 25 stack frames]]>
    </failure>
  </testcase> <!-- user_should_fill_all_the_details_and_save_it -->
  <testcase name="user_should_found_Email_on_the_search_table" time="0.001" classname="stepDefinations.Steps">
    <failure type="java.lang.NullPointerException">
      <![CDATA[java.lang.NullPointerException
at org.openqa.selenium.support.pagefactory.DefaultElementLocator.findElements(DefaultElementLocator.java:85)
at org.openqa.selenium.support.pagefactory.internal.LocatingElementListHandler.invoke(LocatingElementListHandler.java:36)
at com.sun.proxy.$Proxy15.size(Unknown Source)
at pageObjects.SearchCustomer.getNoOfRows(SearchCustomer.java:101)
at pageObjects.SearchCustomer.searchCustomerByEmail(SearchCustomer.java:110)
at stepDefinations.Steps.user_should_found_Email_on_the_search_table(Steps.java:241)
... Removed 25 stack frames]]>
    </failure>
  </testcase> <!-- user_should_found_Email_on_the_search_table -->
  <testcase name="user_should_found_Name_on_the_search_table" time="0.001" classname="stepDefinations.Steps">
    <failure type="java.lang.NullPointerException">
      <![CDATA[java.lang.NullPointerException
at org.openqa.selenium.support.pagefactory.DefaultElementLocator.findElements(DefaultElementLocator.java:85)
at org.openqa.selenium.support.pagefactory.internal.LocatingElementListHandler.invoke(LocatingElementListHandler.java:36)
at com.sun.proxy.$Proxy15.size(Unknown Source)
at pageObjects.SearchCustomer.getNoOfRows(SearchCustomer.java:101)
at pageObjects.SearchCustomer.searchCustomerByFname(SearchCustomer.java:122)
at stepDefinations.Steps.user_should_found_Name_on_the_search_table(Steps.java:261)
... Removed 25 stack frames]]>
    </failure>
  </testcase> <!-- user_should_found_Name_on_the_search_table -->
  <testcase name="user_should_land_on_the_Dashboard_page" time="0.002" classname="stepDefinations.Steps">
    <failure type="java.lang.NullPointerException">
      <![CDATA[java.lang.NullPointerException
at pageObjects.CustomerOperation.getPageTitle(CustomerOperation.java:49)
at stepDefinations.Steps.user_should_land_on_the_Dashboard_page(Steps.java:170)
... Removed 25 stack frames]]>
    </failure>
  </testcase> <!-- user_should_land_on_the_Dashboard_page -->
  <testcase name="verify_success_message_for_CS_upload" time="0.0" classname="stepDefinations.Steps">
    <failure type="org.testng.TestNGException" message="
Cannot inject @Test annotated Method [verify_success_message_for_CS_upload] with [class java.lang.String].
For more information on native dependency injection please refer to http://testng.org/doc/documentation-main.html#native-dependency-injection">
      <![CDATA[org.testng.TestNGException: 
Cannot inject @Test annotated Method [verify_success_message_for_CS_upload] with [class java.lang.String].
For more information on native dependency injection please refer to http://testng.org/doc/documentation-main.html#native-dependency-injection
... Removed 24 stack frames]]>
    </failure>
  </testcase> <!-- verify_success_message_for_CS_upload -->
  <testcase name="verify_the_SO_Number_against_the_CS_Number_in_Result_grid_for_CS_upload_verification" time="0.0" classname="stepDefinations.Steps">
    <failure type="org.testng.TestNGException" message="
Cannot inject @Test annotated Method [verify_the_SO_Number_against_the_CS_Number_in_Result_grid_for_CS_upload_verification] with [class java.lang.String, class java.lang.String].
For more information on native dependency injection please refer to http://testng.org/doc/documentation-main.html#native-dependency-injection">
      <![CDATA[org.testng.TestNGException: 
Cannot inject @Test annotated Method [verify_the_SO_Number_against_the_CS_Number_in_Result_grid_for_CS_upload_verification] with [class java.lang.String, class java.lang.String].
For more information on native dependency injection please refer to http://testng.org/doc/documentation-main.html#native-dependency-injection
... Removed 24 stack frames]]>
    </failure>
  </testcase> <!-- verify_the_SO_Number_against_the_CS_Number_in_Result_grid_for_CS_upload_verification -->
  <testcase name="verify_the_status_of_the_file_for_CS_upload_verification" time="0.0" classname="stepDefinations.Steps">
    <failure type="org.testng.TestNGException" message="
Cannot inject @Test annotated Method [verify_the_status_of_the_file_for_CS_upload_verification] with [class java.lang.String, class java.lang.String].
For more information on native dependency injection please refer to http://testng.org/doc/documentation-main.html#native-dependency-injection">
      <![CDATA[org.testng.TestNGException: 
Cannot inject @Test annotated Method [verify_the_status_of_the_file_for_CS_upload_verification] with [class java.lang.String, class java.lang.String].
For more information on native dependency injection please refer to http://testng.org/doc/documentation-main.html#native-dependency-injection
... Removed 24 stack frames]]>
    </failure>
  </testcase> <!-- verify_the_status_of_the_file_for_CS_upload_verification -->
</testsuite> <!-- Test -->
